  AsioIOServicePool.cpp
  Please define _WIN32_WINNT or _WIN32_WINDOWS appropriately. For example:
  - add -D_WIN32_WINNT=0x0601 to the compiler command line; or
  - add _WIN32_WINNT=0x0601 to your project's Preprocessor Definitions.
  Assuming _WIN32_WINNT=0x0601 (i.e. Windows 7 target).
  ChatGrpcClient.cpp
E:\QtChat\ChatServer2\message.pb.h(12,1): fatal  error C1189: #error:  This file was generated by a newer version of protoc which is
  ChatServer.cpp
  Please define _WIN32_WINNT or _WIN32_WINDOWS appropriately. For example:
  - add -D_WIN32_WINNT=0x0601 to the compiler command line; or
  - add _WIN32_WINNT=0x0601 to your project's Preprocessor Definitions.
  Assuming _WIN32_WINNT=0x0601 (i.e. Windows 7 target).
E:\QtChat\ChatServer2\RedisMgr.h(3,10): fatal  error C1083: 无法打开包括文件: “hiredis.h”: No such file or directory
  ChatServiceImpl.cpp
E:\QtChat\ChatServer2\message.pb.h(12,1): fatal  error C1189: #error:  This file was generated by a newer version of protoc which is
  ConfigMgr.cpp
  CServer.cpp
  Please define _WIN32_WINNT or _WIN32_WINDOWS appropriately. For example:
  - add -D_WIN32_WINNT=0x0601 to the compiler command line; or
  - add _WIN32_WINNT=0x0601 to your project's Preprocessor Definitions.
  Assuming _WIN32_WINNT=0x0601 (i.e. Windows 7 target).
  CSession.cpp
  Please define _WIN32_WINNT or _WIN32_WINDOWS appropriately. For example:
  - add -D_WIN32_WINNT=0x0601 to the compiler command line; or
  - add _WIN32_WINNT=0x0601 to your project's Preprocessor Definitions.
  Assuming _WIN32_WINNT=0x0601 (i.e. Windows 7 target).
E:\QtChat\ChatServer2\CSession.cpp(44,38): warning C4267: “初始化”: 从“size_t”转换到“int”，可能丢失数据
E:\QtChat\ChatServer2\CSession.cpp(61,38): warning C4267: “初始化”: 从“size_t”转换到“int”，可能丢失数据
E:\QtChat\ChatServer2\CSession.cpp(106,32): warning C4244: “+=”: 从“unsigned __int64”转换到“short”，可能丢失数据
C:\Program Files\Microsoft Visual Studio\2022\Community\VC\Tools\MSVC\14.33.31629\include\xutility(231,1): warning C4267: “参数”: 从“size_t”转换到“short”，可能丢失数据
C:\Program Files\Microsoft Visual Studio\2022\Community\VC\Tools\MSVC\14.33.31629\include\memory(2022): message : 查看对正在编译的函数 模板 实例化“void std::_Construct_in_place<_Ty,const char*,unsigned __int64,short&>(_Ty &,const char *&&,unsigned __int64 &&,short &) noexcept(false)”的引用
          with
          [
              _Ty=SendNode
          ]
C:\Program Files\Microsoft Visual Studio\2022\Community\VC\Tools\MSVC\14.33.31629\include\memory(2741): message : 查看对正在编译的函数 模板 实例化“std::_Ref_count_obj2<SendNode>::_Ref_count_obj2<_Ty,unsigned __int64,short&>(_Ty &&,unsigned __int64 &&,short &)”的引用
          with
          [
              _Ty=const char *
          ]
C:\Program Files\Microsoft Visual Studio\2022\Community\VC\Tools\MSVC\14.33.31629\include\memory(2742): message : 查看对正在编译的函数 模板 实例化“std::_Ref_count_obj2<SendNode>::_Ref_count_obj2<_Ty,unsigned __int64,short&>(_Ty &&,unsigned __int64 &&,short &)”的引用
          with
          [
              _Ty=const char *
          ]
E:\QtChat\ChatServer2\CSession.cpp(50): message : 查看对正在编译的函数 模板 实例化“std::shared_ptr<SendNode> std::make_shared<SendNode,const _Elem*,unsigned __int64,short&>(const _Elem *&&,unsigned __int64 &&,short &)”的引用
          with
          [
              _Elem=char
          ]
  LogicSystem.cpp
  Please define _WIN32_WINNT or _WIN32_WINDOWS appropriately. For example:
  - add -D_WIN32_WINNT=0x0601 to the compiler command line; or
  - add _WIN32_WINNT=0x0601 to your project's Preprocessor Definitions.
  Assuming _WIN32_WINNT=0x0601 (i.e. Windows 7 target).
E:\QtChat\ChatServer2\message.pb.h(12,1): fatal  error C1189: #error:  This file was generated by a newer version of protoc which is
  message.grpc.pb.cc
E:\QtChat\ChatServer2\message.pb.h(12,1): fatal  error C1189: #error:  This file was generated by a newer version of protoc which is
  message.pb.cc
E:\QtChat\ChatServer2\message.pb.h(12,1): fatal  error C1189: #error:  This file was generated by a newer version of protoc which is
  MsgNode.cpp
  Please define _WIN32_WINNT or _WIN32_WINDOWS appropriately. For example:
  - add -D_WIN32_WINNT=0x0601 to the compiler command line; or
  - add _WIN32_WINNT=0x0601 to your project's Preprocessor Definitions.
  Assuming _WIN32_WINNT=0x0601 (i.e. Windows 7 target).
  MysqlDao.cpp
E:\QtChat\ChatServer2\MysqlDao.h(54,1): warning C4267: “初始化”: 从“size_t”转换到“int”，可能丢失数据
  MysqlMgr.cpp
E:\QtChat\ChatServer2\MysqlDao.h(54,1): warning C4267: “初始化”: 从“size_t”转换到“int”，可能丢失数据
  RedisMgr.cpp
E:\QtChat\ChatServer2\RedisMgr.h(3,10): fatal  error C1083: 无法打开包括文件: “hiredis.h”: No such file or directory
  StatusGrpcClient.cpp
E:\QtChat\ChatServer2\message.pb.h(12,1): fatal  error C1189: #error:  This file was generated by a newer version of protoc which is
  UserMgr.cpp
  Please define _WIN32_WINNT or _WIN32_WINDOWS appropriately. For example:
  - add -D_WIN32_WINNT=0x0601 to the compiler command line; or
  - add _WIN32_WINNT=0x0601 to your project's Preprocessor Definitions.
  Assuming _WIN32_WINNT=0x0601 (i.e. Windows 7 target).
E:\QtChat\ChatServer2\RedisMgr.h(3,10): fatal  error C1083: 无法打开包括文件: “hiredis.h”: No such file or directory
  正在生成代码...
